2021-04-06 12:27:40 | [INFO]    | Discordia 2.8.4
2021-04-06 12:27:40 | [INFO]    | Connecting to Discord...
2021-04-06 12:27:40 | [INFO]    | Authenticated as Test Nakmize#6859
2021-04-06 12:27:40 | [INFO]    | Launching shard 0 (1 out of 1)...
2021-04-06 12:27:40 | [INFO]    | Shard 0 : Connected to wss://gateway.discord.gg
2021-04-06 12:27:40 | [INFO]    | Shard 0 : Received HELLO
2021-04-06 12:27:41 | [INFO]    | Shard 0 : Received READY
2021-04-06 12:33:49 | [INFO]    | Discordia 2.8.4
2021-04-06 12:33:49 | [INFO]    | Connecting to Discord...
2021-04-06 12:33:49 | [INFO]    | Authenticated as Test Nakmize#6859
2021-04-06 12:33:49 | [INFO]    | Launching shard 0 (1 out of 1)...
2021-04-06 12:33:49 | [INFO]    | Shard 0 : Connected to wss://gateway.discord.gg
2021-04-06 12:33:49 | [INFO]    | Shard 0 : Received HELLO
2021-04-06 12:33:50 | [INFO]    | Shard 0 : Received READY
2021-04-06 12:35:51 | [INFO]    | Discordia 2.8.4
2021-04-06 12:35:51 | [INFO]    | Connecting to Discord...
2021-04-06 12:35:51 | [INFO]    | Authenticated as Test Nakmize#6859
2021-04-06 12:35:51 | [INFO]    | Launching shard 0 (1 out of 1)...
2021-04-06 12:35:52 | [INFO]    | Shard 0 : Connected to wss://gateway.discord.gg
2021-04-06 12:35:52 | [INFO]    | Shard 0 : Received HELLO
2021-04-06 12:35:52 | [INFO]    | Shard 0 : Received READY
2021-04-06 12:36:50 | [INFO]    | Discordia 2.8.4
2021-04-06 12:36:50 | [INFO]    | Connecting to Discord...
2021-04-06 12:36:50 | [INFO]    | Authenticated as Test Nakmize#6859
2021-04-06 12:36:50 | [INFO]    | Launching shard 0 (1 out of 1)...
2021-04-06 12:36:50 | [INFO]    | Shard 0 : Connected to wss://gateway.discord.gg
2021-04-06 12:36:50 | [INFO]    | Shard 0 : Received HELLO
2021-04-06 12:36:51 | [INFO]    | Shard 0 : Received READY
2021-04-06 12:38:48 | [INFO]    | Discordia 2.8.4
2021-04-06 12:38:48 | [INFO]    | Connecting to Discord...
2021-04-06 12:38:48 | [INFO]    | Authenticated as Test Nakmize#6859
2021-04-06 12:38:48 | [INFO]    | Launching shard 0 (1 out of 1)...
2021-04-06 12:38:48 | [INFO]    | Shard 0 : Connected to wss://gateway.discord.gg
2021-04-06 12:38:48 | [INFO]    | Shard 0 : Received HELLO
2021-04-06 12:38:48 | [INFO]    | Shard 0 : Received READY
2021-04-06 12:39:54 | [INFO]    | Discordia 2.8.4
2021-04-06 12:39:54 | [INFO]    | Connecting to Discord...
2021-04-06 12:39:55 | [INFO]    | Authenticated as Test Nakmize#6859
2021-04-06 12:39:55 | [INFO]    | Launching shard 0 (1 out of 1)...
2021-04-06 12:39:55 | [INFO]    | Shard 0 : Connected to wss://gateway.discord.gg
2021-04-06 12:39:55 | [INFO]    | Shard 0 : Received HELLO
2021-04-06 12:39:55 | [INFO]    | Shard 0 : Received READY
2021-04-06 12:41:58 | [INFO]    | Discordia 2.8.4
2021-04-06 12:41:58 | [INFO]    | Connecting to Discord...
2021-04-06 12:41:58 | [INFO]    | Authenticated as Test Nakmize#6859
2021-04-06 12:41:58 | [INFO]    | Launching shard 0 (1 out of 1)...
2021-04-06 12:41:58 | [INFO]    | Shard 0 : Connected to wss://gateway.discord.gg
2021-04-06 12:41:58 | [INFO]    | Shard 0 : Received HELLO
2021-04-06 12:41:58 | [INFO]    | Shard 0 : Received READY
2021-04-06 12:43:08 | [INFO]    | Discordia 2.8.4
2021-04-06 12:43:08 | [INFO]    | Connecting to Discord...
2021-04-06 12:43:08 | [INFO]    | Authenticated as Test Nakmize#6859
2021-04-06 12:43:08 | [INFO]    | Launching shard 0 (1 out of 1)...
2021-04-06 12:43:08 | [INFO]    | Shard 0 : Connected to wss://gateway.discord.gg
2021-04-06 12:43:08 | [INFO]    | Shard 0 : Received HELLO
2021-04-06 12:43:08 | [INFO]    | Shard 0 : Received READY
2021-04-06 12:46:59 | [INFO]    | Discordia 2.8.4
2021-04-06 12:46:59 | [INFO]    | Connecting to Discord...
2021-04-06 12:46:59 | [INFO]    | Authenticated as Test Nakmize#6859
2021-04-06 12:46:59 | [INFO]    | Launching shard 0 (1 out of 1)...
2021-04-06 12:47:00 | [INFO]    | Shard 0 : Connected to wss://gateway.discord.gg
2021-04-06 12:47:00 | [INFO]    | Shard 0 : Received HELLO
2021-04-06 12:47:00 | [INFO]    | Shard 0 : Received READY
2021-04-06 12:47:35 | [INFO]    | Discordia 2.8.4
2021-04-06 12:47:35 | [INFO]    | Connecting to Discord...
2021-04-06 12:47:35 | [INFO]    | Authenticated as Test Nakmize#6859
2021-04-06 12:47:35 | [INFO]    | Launching shard 0 (1 out of 1)...
2021-04-06 12:47:35 | [INFO]    | Shard 0 : Connected to wss://gateway.discord.gg
2021-04-06 12:47:35 | [INFO]    | Shard 0 : Received HELLO
2021-04-06 12:47:35 | [INFO]    | Shard 0 : Received READY
2021-04-06 12:51:16 | [INFO]    | Discordia 2.8.4
2021-04-06 12:51:16 | [INFO]    | Connecting to Discord...
2021-04-06 12:51:17 | [INFO]    | Authenticated as Test Nakmize#6859
2021-04-06 12:51:17 | [INFO]    | Launching shard 0 (1 out of 1)...
2021-04-06 12:51:17 | [INFO]    | Shard 0 : Connected to wss://gateway.discord.gg
2021-04-06 12:51:17 | [INFO]    | Shard 0 : Received HELLO
2021-04-06 12:51:17 | [INFO]    | Shard 0 : Received READY
2021-04-06 12:52:17 | [INFO]    | Discordia 2.8.4
2021-04-06 12:52:17 | [INFO]    | Connecting to Discord...
2021-04-06 12:52:17 | [INFO]    | Authenticated as Test Nakmize#6859
2021-04-06 12:52:17 | [INFO]    | Launching shard 0 (1 out of 1)...
2021-04-06 12:52:17 | [INFO]    | Shard 0 : Connected to wss://gateway.discord.gg
2021-04-06 12:52:17 | [INFO]    | Shard 0 : Received HELLO
2021-04-06 12:52:17 | [INFO]    | Shard 0 : Received READY
2021-04-06 12:55:09 | [INFO]    | Discordia 2.8.4
2021-04-06 12:55:09 | [INFO]    | Connecting to Discord...
2021-04-06 12:55:10 | [INFO]    | Authenticated as Test Nakmize#6859
2021-04-06 12:55:10 | [INFO]    | Launching shard 0 (1 out of 1)...
2021-04-06 12:55:10 | [INFO]    | Shard 0 : Connected to wss://gateway.discord.gg
2021-04-06 12:55:10 | [INFO]    | Shard 0 : Received HELLO
2021-04-06 12:55:10 | [INFO]    | Shard 0 : Received READY
2021-04-06 12:55:53 | [INFO]    | Discordia 2.8.4
2021-04-06 12:55:53 | [INFO]    | Connecting to Discord...
2021-04-06 12:55:54 | [INFO]    | Authenticated as Test Nakmize#6859
2021-04-06 12:55:54 | [INFO]    | Launching shard 0 (1 out of 1)...
2021-04-06 12:55:54 | [INFO]    | Shard 0 : Connected to wss://gateway.discord.gg
2021-04-06 12:55:54 | [INFO]    | Shard 0 : Received HELLO
2021-04-06 12:55:54 | [INFO]    | Shard 0 : Received READY
2021-04-06 12:56:45 | [INFO]    | Discordia 2.8.4
2021-04-06 12:56:45 | [INFO]    | Connecting to Discord...
2021-04-06 12:56:45 | [INFO]    | Authenticated as Test Nakmize#6859
2021-04-06 12:56:45 | [INFO]    | Launching shard 0 (1 out of 1)...
2021-04-06 12:56:45 | [INFO]    | Shard 0 : Connected to wss://gateway.discord.gg
2021-04-06 12:56:45 | [INFO]    | Shard 0 : Received HELLO
2021-04-06 12:56:46 | [INFO]    | Shard 0 : Received READY
2021-04-06 12:57:10 | [INFO]    | Discordia 2.8.4
2021-04-06 12:57:10 | [INFO]    | Connecting to Discord...
2021-04-06 12:57:10 | [INFO]    | Authenticated as Test Nakmize#6859
2021-04-06 12:57:10 | [INFO]    | Launching shard 0 (1 out of 1)...
2021-04-06 12:57:10 | [INFO]    | Shard 0 : Connected to wss://gateway.discord.gg
2021-04-06 12:57:10 | [INFO]    | Shard 0 : Received HELLO
2021-04-06 12:57:10 | [INFO]    | Shard 0 : Received READY
2021-04-06 12:59:11 | [INFO]    | Discordia 2.8.4
2021-04-06 12:59:11 | [INFO]    | Connecting to Discord...
2021-04-06 12:59:12 | [INFO]    | Authenticated as Test Nakmize#6859
2021-04-06 12:59:12 | [INFO]    | Launching shard 0 (1 out of 1)...
2021-04-06 12:59:12 | [INFO]    | Shard 0 : Connected to wss://gateway.discord.gg
2021-04-06 12:59:12 | [INFO]    | Shard 0 : Received HELLO
2021-04-06 12:59:12 | [INFO]    | Shard 0 : Received READY
2021-04-06 13:00:21 | [INFO]    | Discordia 2.8.4
2021-04-06 13:00:21 | [INFO]    | Connecting to Discord...
2021-04-06 13:00:21 | [INFO]    | Authenticated as Test Nakmize#6859
2021-04-06 13:00:21 | [INFO]    | Launching shard 0 (1 out of 1)...
2021-04-06 13:00:22 | [INFO]    | Shard 0 : Connected to wss://gateway.discord.gg
2021-04-06 13:00:22 | [INFO]    | Shard 0 : Received HELLO
2021-04-06 13:00:22 | [INFO]    | Shard 0 : Received READY
2021-04-06 13:01:45 | [INFO]    | Discordia 2.8.4
2021-04-06 13:01:45 | [INFO]    | Connecting to Discord...
2021-04-06 13:01:45 | [INFO]    | Authenticated as Test Nakmize#6859
2021-04-06 13:01:45 | [INFO]    | Launching shard 0 (1 out of 1)...
2021-04-06 13:01:45 | [INFO]    | Shard 0 : Connected to wss://gateway.discord.gg
2021-04-06 13:01:45 | [INFO]    | Shard 0 : Received HELLO
2021-04-06 13:01:45 | [INFO]    | Shard 0 : Received READY
2021-04-06 13:02:27 | [INFO]    | Discordia 2.8.4
2021-04-06 13:02:27 | [INFO]    | Connecting to Discord...
2021-04-06 13:02:27 | [INFO]    | Authenticated as Test Nakmize#6859
2021-04-06 13:02:27 | [INFO]    | Launching shard 0 (1 out of 1)...
2021-04-06 13:02:27 | [INFO]    | Shard 0 : Connected to wss://gateway.discord.gg
2021-04-06 13:02:27 | [INFO]    | Shard 0 : Received HELLO
2021-04-06 13:02:27 | [INFO]    | Shard 0 : Received READY
